# JRE version: Java(TM) SE Runtime Environment (8.0_111-b14) (build 1.8.0_111-b14)
# Java VM: Java HotSpot(TM) 64-Bit Server VM (25.111-b14 mixed mode windows-amd64 compressed oops)
Heap:
 PSYoungGen      total 6656K, used 624K [0x00000000eb380000, 0x00000000eba80000, 0x0000000100000000)
  eden space 6144K, 10% used [0x00000000eb380000,0x00000000eb41c0f0,0x00000000eb980000)
  from space 512K, 0% used [0x00000000eb980000,0x00000000eb980000,0x00000000eba00000)
  to   space 512K, 0% used [0x00000000eba00000,0x00000000eba00000,0x00000000eba80000)
 ParOldGen       total 5632K, used 1042K [0x00000000c1a00000, 0x00000000c1f80000, 0x00000000eb380000)
  object space 5632K, 18% used [0x00000000c1a00000,0x00000000c1b04a70,0x00000000c1f80000)
 Metaspace       used 5961K, capacity 7060K, committed 7296K, reserved 1056768K
  class space    used 755K, capacity 784K, committed 896K, reserved 1048576K
GC Heap History (6 events):
Event: 0.182 GC heap before
{Heap before GC invocations=1 (full 0):
 PSYoungGen      total 2048K, used 1536K [0x00000000eb380000, 0x00000000eb600000, 0x0000000100000000)
  eden space 1536K, 100% used [0x00000000eb380000,0x00000000eb500000,0x00000000eb500000)
  from space 512K, 0% used [0x00000000eb580000,0x00000000eb580000,0x00000000eb600000)
  to   space 512K, 0% used [0x00000000eb500000,0x00000000eb500000,0x00000000eb580000)
 ParOldGen       total 5632K, used 0K [0x00000000c1a00000, 0x00000000c1f80000, 0x00000000eb380000)
  object space 5632K, 0% used [0x00000000c1a00000,0x00000000c1a00000,0x00000000c1f80000)
 Metaspace       used 3496K, capacity 4812K, committed 5120K, reserved 1056768K
  class space    used 407K, capacity 456K, committed 512K, reserved 1048576K
Event: 0.185 GC heap after
Heap after GC invocations=1 (full 0):
 PSYoungGen      total 2048K, used 480K [0x00000000eb380000, 0x00000000eb780000, 0x0000000100000000)
  eden space 1536K, 0% used [0x00000000eb380000,0x00000000eb380000,0x00000000eb500000)
  from space 512K, 93% used [0x00000000eb500000,0x00000000eb578020,0x00000000eb580000)
  to   space 512K, 0% used [0x00000000eb700000,0x00000000eb700000,0x00000000eb780000)
 ParOldGen       total 5632K, used 48K [0x00000000c1a00000, 0x00000000c1f80000, 0x00000000eb380000)
  object space 5632K, 0% used [0x00000000c1a00000,0x00000000c1a0c000,0x00000000c1f80000)
 Metaspace       used 3496K, capacity 4812K, committed 5120K, reserved 1056768K
  class space    used 407K, capacity 456K, committed 512K, reserved 1048576K
}
Event: 0.262 GC heap before
{Heap before GC invocations=2 (full 0):
 PSYoungGen      total 2048K, used 2016K [0x00000000eb380000, 0x00000000eb780000, 0x0000000100000000)
  eden space 1536K, 100% used [0x00000000eb380000,0x00000000eb500000,0x00000000eb500000)
  from space 512K, 93% used [0x00000000eb500000,0x00000000eb578020,0x00000000eb580000)
  to   space 512K, 0% used [0x00000000eb700000,0x00000000eb700000,0x00000000eb780000)
 ParOldGen       total 5632K, used 48K [0x00000000c1a00000, 0x00000000c1f80000, 0x00000000eb380000)
  object space 5632K, 0% used [0x00000000c1a00000,0x00000000c1a0c000,0x00000000c1f80000)
 Metaspace       used 4203K, capacity 5392K, committed 5760K, reserved 1056768K
  class space    used 506K, capacity 524K, committed 640K, reserved 1048576K
Event: 0.264 GC heap after
Heap after GC invocations=2 (full 0):
 PSYoungGen      total 3584K, used 496K [0x00000000eb380000, 0x00000000eb780000, 0x0000000100000000)
  eden space 3072K, 0% used [0x00000000eb380000,0x00000000eb380000,0x00000000eb680000)
  from space 512K, 96% used [0x00000000eb700000,0x00000000eb77c010,0x00000000eb780000)
  to   space 512K, 0% used [0x00000000eb680000,0x00000000eb680000,0x00000000eb700000)
 ParOldGen       total 5632K, used 120K [0x00000000c1a00000, 0x00000000c1f80000, 0x00000000eb380000)
  object space 5632K, 2% used [0x00000000c1a00000,0x00000000c1a1e000,0x00000000c1f80000)
 Metaspace       used 4203K, capacity 5392K, committed 5760K, reserved 1056768K
  class space    used 506K, capacity 524K, committed 640K, reserved 1048576K
}
Event: 0.393 GC heap before
{Heap before GC invocations=3 (full 0):
 PSYoungGen      total 3584K, used 3454K [0x00000000eb380000, 0x00000000eb780000, 0x0000000100000000)
  eden space 3072K, 96% used [0x00000000eb380000,0x00000000eb663a00,0x00000000eb680000)
  from space 512K, 96% used [0x00000000eb700000,0x00000000eb77c010,0x00000000eb780000)
  to   space 512K, 0% used [0x00000000eb680000,0x00000000eb680000,0x00000000eb700000)
 ParOldGen       total 5632K, used 120K [0x00000000c1a00000, 0x00000000c1f80000, 0x00000000eb380000)
  object space 5632K, 2% used [0x00000000c1a00000,0x00000000c1a1e000,0x00000000c1f80000)
 Metaspace       used 5146K, capacity 6324K, committed 6656K, reserved 1056768K
  class space    used 638K, capacity 688K, committed 768K, reserved 1048576K
Event: 0.395 GC heap after
Heap after GC invocations=3 (full 0):
 PSYoungGen      total 3584K, used 511K [0x00000000eb380000, 0x00000000eba80000, 0x0000000100000000)
  eden space 3072K, 0% used [0x00000000eb380000,0x00000000eb380000,0x00000000eb680000)
  from space 512K, 99% used [0x00000000eb680000,0x00000000eb6ffc20,0x00000000eb700000)
  to   space 512K, 0% used [0x00000000eba00000,0x00000000eba00000,0x00000000eba80000)
 ParOldGen       total 5632K, used 640K [0x00000000c1a00000, 0x00000000c1f80000, 0x00000000eb380000)
  object space 5632K, 11% used [0x00000000c1a00000,0x00000000c1aa01e0,0x00000000c1f80000)
 Metaspace       used 5146K, capacity 6324K, committed 6656K, reserved 1056768K
  class space    used 638K, capacity 688K, committed 768K, reserved 1048576K
}

